<?xml version="1.0" encoding="UTF-8"?>
<testng-results skipped="0" failed="0" ignored="0" total="1" passed="1">
  <reporter-output>
  </reporter-output>
  <suite name="Default suite" duration-ms="2873" started-at="2019-08-09T15:29:53Z" finished-at="2019-08-09T15:29:55Z">
    <groups>
    </groups>
    <test name="Default test" duration-ms="2873" started-at="2019-08-09T15:29:53Z" finished-at="2019-08-09T15:29:55Z">
      <class name="getrequest.GetData">
        <test-method status="PASS" signature="adminLogin()[pri:0, instance:getrequest.GetData@28feb3fa]" name="adminLogin" duration-ms="2847" started-at="2019-08-09T15:29:53Z" finished-at="2019-08-09T15:29:55Z">
          <reporter-output>
          </reporter-output>
        </test-method> <!-- adminLogin -->
      </class> <!-- getrequest.GetData -->
    </test> <!-- Default test -->
  </suite> <!-- Default suite -->
</testng-results>
